\BOOKMARK [1][-]{section.1}{\376\377\000I\000n\000t\000r\000o\000d\000u\000c\000t\000i\000o\000n}{}% 1
\BOOKMARK [2][-]{subsection.1.1}{\376\377\000T\000h\000e\000\040\000U\000S\000B\000\040\000i\000n\000t\000e\000r\000f\000a\000c\000e}{section.1}% 2
\BOOKMARK [2][-]{subsection.1.2}{\376\377\000T\000h\000e\000\040\000V\000G\000A\000\040\000i\000n\000t\000e\000r\000f\000a\000c\000e}{section.1}% 3
\BOOKMARK [1][-]{section.2}{\376\377\000W\000r\000i\000t\000t\000e\000n\000\040\000D\000e\000s\000c\000r\000i\000p\000t\000i\000o\000n\000\040\000o\000f\000\040\000L\000a\000b\000\040\0008\000\040\000S\000y\000s\000t\000e\000m}{}% 4
\BOOKMARK [2][-]{subsection.2.1}{\376\377\000W\000r\000i\000t\000t\000e\000n\000\040\000D\000e\000s\000c\000r\000i\000p\000t\000i\000o\000n\000\040\000o\000f\000\040\000t\000h\000e\000\040\000e\000n\000t\000i\000r\000e\000\040\000L\000a\000b\000\040\0008\000\040\000s\000y\000s\000t\000e\000m}{section.2}% 5
\BOOKMARK [2][-]{subsection.2.2}{\376\377\000W\000r\000i\000t\000t\000e\000n\000\040\000d\000e\000s\000c\000r\000i\000p\000t\000i\000o\000n\000\040\000o\000f\000\040\000t\000h\000e\000\040\000U\000S\000B\000\040\000p\000r\000o\000t\000o\000c\000o\000l}{section.2}% 6
\BOOKMARK [2][-]{subsection.2.3}{\376\377\000B\000l\000o\000c\000k\000\040\000D\000i\000a\000g\000r\000a\000m}{section.2}% 7
\BOOKMARK [2][-]{subsection.2.4}{\376\377\000M\000o\000d\000u\000l\000e\000\040\000D\000e\000s\000c\000r\000i\000p\000t\000i\000o\000n\000s}{section.2}% 8
\BOOKMARK [3][-]{subsubsection.2.4.1}{\376\377\000M\000o\000d\000u\000l\000e\000:\000\040\000l\000a\000b\0008\000.\000s\000v}{subsection.2.4}% 9
\BOOKMARK [3][-]{subsubsection.2.4.2}{\376\377\000M\000o\000d\000u\000l\000e\000:\000\040\000h\000p\000i\000\137\000i\000o\000\137\000i\000n\000t\000f\000.\000s\000v}{subsection.2.4}% 10
\BOOKMARK [3][-]{subsubsection.2.4.3}{\376\377\000M\000o\000d\000u\000l\000e\000:\000\040\000V\000G\000A\000\137\000c\000o\000n\000t\000r\000o\000l\000l\000e\000r\000.\000s\000v}{subsection.2.4}% 11
\BOOKMARK [3][-]{subsubsection.2.4.4}{\376\377\000M\000o\000d\000u\000l\000e\000:\000\040\000H\000e\000x\000D\000r\000i\000v\000e\000r\000.\000s\000v}{subsection.2.4}% 12
\BOOKMARK [3][-]{subsubsection.2.4.5}{\376\377\000M\000o\000d\000u\000l\000e\000:\000\040\000c\000o\000l\000o\000r\000\137\000m\000a\000p\000p\000e\000r\000.\000s\000v}{subsection.2.4}% 13
\BOOKMARK [3][-]{subsubsection.2.4.6}{\376\377\000M\000o\000d\000u\000l\000e\000:\000\040\000b\000a\000l\000l\000.\000s\000v}{subsection.2.4}% 14
\BOOKMARK [3][-]{subsubsection.2.4.7}{\376\377\000M\000o\000d\000u\000l\000e\000:\000\040\000l\000a\000b\0008\000\137\000s\000o\000c\000.\000v}{subsection.2.4}% 15
\BOOKMARK [1][-]{section.3}{\376\377\000A\000n\000s\000w\000e\000r\000s\000\040\000t\000o\000\040\000H\000i\000d\000d\000e\000n\000\040\000Q\000u\000e\000s\000t\000i\000o\000n\000s}{}% 16
\BOOKMARK [2][-]{subsection.3.1}{\376\377\000T\000h\000e\000\040\000Q\000u\000e\000s\000t\000i\000o\000n\000\040\000f\000r\000o\000m\000\040\000l\000a\000b\0008\000.\000s\000v}{section.3}% 17
\BOOKMARK [2][-]{subsection.3.2}{\376\377\000T\000h\000e\000\040\000Q\000u\000e\000s\000t\000i\000o\000n\000\040\000f\000r\000o\000m\000\040\000b\000a\000l\000l\000.\000s\000v}{section.3}% 18
\BOOKMARK [1][-]{section.4}{\376\377\000A\000n\000s\000w\000e\000r\000\040\000t\000o\000\040\000P\000o\000s\000t\000\040\000L\000a\000b\000\040\000Q\000u\000e\000s\000t\000i\000o\000n\000s}{}% 19
\BOOKMARK [2][-]{subsection.4.1}{\376\377\000A\000n\000s\000w\000e\000r\000s\000\040\000t\000o\000\040\000t\000h\000e\000\040\000f\000i\000r\000s\000t\000\040\000t\000w\000o\000\040\000q\000u\000e\000s\000t\000i\000o\000n\000s}{section.4}% 20
\BOOKMARK [2][-]{subsection.4.2}{\376\377\000D\000e\000s\000i\000g\000n\000\040\000S\000t\000a\000t\000i\000s\000t\000i\000c\000s\000\040\000A\000n\000a\000l\000y\000s\000i\000s}{section.4}% 21
\BOOKMARK [1][-]{section.5}{\376\377\000C\000o\000n\000c\000l\000u\000s\000i\000o\000n}{}% 22
