\BOOKMARK [1][-]{section.1}{\376\377\000I\000n\000t\000r\000o\000d\000u\000c\000t\000i\000o\000n}{}% 1
\BOOKMARK [1][-]{section.2}{\376\377\000S\000e\000r\000i\000a\000l\000\040\000L\000o\000g\000i\000c\000\040\000P\000r\000o\000c\000e\000s\000s\000o\000r}{}% 2
\BOOKMARK [2][-]{subsection.2.1}{\376\377\000T\000h\000e\000\040\000B\000l\000o\000c\000k\000\040\000D\000i\000a\000g\000r\000a\000m}{section.2}% 3
\BOOKMARK [2][-]{subsection.2.2}{\376\377\000W\000h\000a\000t\000\040\000w\000a\000s\000\040\000D\000o\000n\000e\000\040\000w\000i\000t\000h\000\040\000t\000h\000e\000\040\000P\000r\000o\000v\000i\000d\000e\000d\000\040\000C\000o\000d\000e\000\040\000t\000o\000\040\000E\000x\000t\000e\000n\000d\000\040\000i\000t\000\040\000f\000r\000o\000m\000\040\0004\000\040\000B\000i\000t\000s\000\040\000t\000o\000\040\0008\000\040\000B\000i\000t\000s}{section.2}% 4
\BOOKMARK [1][-]{section.3}{\376\377\000S\000i\000m\000u\000l\000a\000t\000i\000o\000n\000\040\000R\000e\000s\000u\000l\000t}{}% 5
\BOOKMARK [1][-]{section.4}{\376\377\000A\000d\000d\000e\000r\000s}{}% 6
\BOOKMARK [2][-]{subsection.4.1}{\376\377\000R\000i\000p\000p\000l\000e\000\040\000C\000a\000r\000r\000y\000\040\000A\000d\000d\000e\000r}{section.4}% 7
\BOOKMARK [3][-]{subsubsection.4.1.1}{\376\377\000W\000r\000i\000t\000t\000e\000n\000\040\000D\000e\000s\000c\000r\000i\000p\000t\000i\000o\000n\000\040\000o\000f\000\040\000t\000h\000e\000\040\000A\000r\000c\000h\000i\000t\000e\000c\000t\000u\000r\000e}{subsection.4.1}% 8
\BOOKMARK [3][-]{subsubsection.4.1.2}{\376\377\000B\000l\000o\000c\000k\000\040\000D\000i\000a\000g\000r\000a\000m}{subsection.4.1}% 9
\BOOKMARK [2][-]{subsection.4.2}{\376\377\000C\000a\000r\000r\000y\000\040\000L\000o\000o\000k\000a\000h\000e\000a\000d\000\040\000A\000d\000d\000e\000r}{section.4}% 10
\BOOKMARK [3][-]{subsubsection.4.2.1}{\376\377\000W\000r\000i\000t\000t\000e\000n\000\040\000D\000e\000s\000c\000r\000i\000p\000t\000i\000o\000n\000\040\000o\000f\000\040\000t\000h\000e\000\040\000A\000r\000c\000h\000i\000t\000e\000c\000t\000u\000r\000e}{subsection.4.2}% 11
\BOOKMARK [3][-]{subsubsection.4.2.2}{\376\377\000D\000e\000s\000c\000r\000i\000b\000e\000\040\000H\000o\000w\000\040\000t\000h\000e\000\040\000P\000\040\000a\000n\000d\000\040\000G\000\040\000L\000o\000g\000i\000c\000\040\000a\000r\000e\000\040\000U\000s\000e\000d}{subsection.4.2}% 12
\BOOKMARK [3][-]{subsubsection.4.2.3}{\376\377\000D\000e\000s\000c\000r\000i\000b\000e\000\040\000H\000o\000w\000\040\000Y\000o\000u\000\040\000C\000r\000e\000a\000t\000e\000d\000\040\000t\000h\000e\000\040\000H\000i\000e\000r\000a\000r\000c\000h\000i\000c\000a\000l\000\040\0004\000x\0004\000\040\000A\000d\000d\000e\000r}{subsection.4.2}% 13
\BOOKMARK [3][-]{subsubsection.4.2.4}{\376\377\000B\000l\000o\000c\000k\000\040\000D\000i\000a\000g\000r\000a\000m}{subsection.4.2}% 14
\BOOKMARK [3][-]{subsubsection.4.2.5}{\376\377\000B\000l\000o\000c\000k\000\040\000D\000i\000a\000g\000r\000a\000m\000\040\000I\000n\000s\000i\000d\000e\000\040\000a\000\040\000S\000i\000n\000g\000l\000e\000\040\000C\000L\000A\000\040\000\050\0004\000-\000b\000i\000t\000s\000\051}{subsection.4.2}% 15
\BOOKMARK [3][-]{subsubsection.4.2.6}{\376\377\000B\000l\000o\000c\000k\000\040\000D\000i\000a\000g\000r\000a\000m\000\040\000o\000f\000\040\000H\000o\000w\000\040\000E\000a\000c\000h\000\040\000C\000L\000A\000\040\000w\000a\000s\000\040\000C\000h\000a\000i\000n\000e\000d\000\040\000T\000o\000g\000e\000t\000h\000e\000r}{subsection.4.2}% 16
\BOOKMARK [2][-]{subsection.4.3}{\376\377\000C\000a\000r\000r\000y\000\040\000S\000e\000l\000e\000c\000t\000\040\000A\000d\000d\000e\000r}{section.4}% 17
\BOOKMARK [3][-]{subsubsection.4.3.1}{\376\377\000W\000r\000i\000t\000t\000e\000n\000\040\000D\000e\000s\000c\000r\000i\000p\000t\000i\000o\000n\000\040\000o\000f\000\040\000t\000h\000e\000\040\000A\000r\000c\000h\000i\000t\000e\000c\000t\000u\000r\000e}{subsection.4.3}% 18
\BOOKMARK [3][-]{subsubsection.4.3.2}{\376\377\000D\000e\000s\000c\000r\000i\000b\000e\000\040\000a\000t\000\040\000a\000\040\000h\000i\000g\000h\000\040\000l\000e\000v\000e\000l\000\040\000h\000o\000w\000\040\000t\000h\000e\000\040\000C\000S\000A\000\040\000s\000p\000e\000c\000u\000l\000a\000t\000i\000v\000e\000l\000y\000\040\000c\000o\000m\000p\000u\000t\000e\000s\000\040\000m\000u\000l\000t\000i\000p\000l\000e\000\040\000s\000u\000m\000s\000\040\000i\000n\000\040\000p\000a\000r\000a\000l\000l\000e\000l\000\040\000a\000n\000d\000\040\000r\000a\000p\000i\000d\000l\000y\000\040\000c\000h\000o\000o\000s\000e\000s\000\040\000t\000h\000e\000\040\000c\000o\000r\000r\000e\000c\000t\000\040\000o\000n\000e\000\040\000l\000a\000t\000e\000r}{subsection.4.3}% 19
\BOOKMARK [3][-]{subsubsection.4.3.3}{\376\377\000B\000l\000o\000c\000k\000\040\000D\000i\000a\000g\000r\000a\000m\000\040\000o\000f\000\040\000t\000h\000e\000\040\000w\000h\000o\000l\000e\000\040\000C\000S\000A\000\040\000c\000i\000r\000c\000u\000i\000t\000\040\000c\000o\000n\000t\000a\000i\000n\000i\000n\000g\000\040\000a\000d\000d\000e\000r\000s\000,\000\040\000m\000u\000l\000t\000i\000p\000l\000e\000x\000e\000r\000s\000,\000\040\000a\000n\000d\000\040\000g\000l\000u\000e\000\040\000l\000o\000g\000i\000c}{subsection.4.3}% 20
\BOOKMARK [2][-]{subsection.4.4}{\376\377\000A\000r\000e\000a\000,\000\040\000C\000o\000m\000p\000l\000e\000x\000i\000t\000y\000,\000\040\000\046\000\040\000P\000e\000r\000f\000o\000r\000m\000a\000n\000c\000e\000\040\000T\000r\000a\000d\000e\000o\000f\000f\000s}{section.4}% 21
\BOOKMARK [2][-]{subsection.4.5}{\376\377\000P\000e\000r\000f\000o\000r\000m\000a\000n\000c\000e\000\040\000o\000f\000\040\000A\000d\000d\000e\000r\000s}{section.4}% 22
\BOOKMARK [1][-]{section.5}{\376\377\000A\000n\000s\000w\000e\000r\000s\000\040\000t\000o\000\040\000P\000o\000s\000t\000-\000l\000a\000b\000\040\000Q\000u\000e\000s\000t\000i\000o\000n\000s}{}% 23
\BOOKMARK [2][-]{subsection.5.1}{\376\377\000Q\0001}{section.5}% 24
\BOOKMARK [2][-]{subsection.5.2}{\376\377\000Q\0002}{section.5}% 25
\BOOKMARK [2][-]{subsection.5.3}{\376\377\000Q\0003}{section.5}% 26
\BOOKMARK [1][-]{section.6}{\376\377\000C\000o\000n\000c\000l\000u\000s\000i\000o\000n}{}% 27
